<?xml version="1.0" encoding="UTF-8"?>
<!-- Generated by org.testng.reporters.JUnitXMLReporter -->
<testsuite ignored="0" hostname="LAPTOP-HFD6VJ2C" failures="0" tests="4" name="Test" time="11.244" errors="0" timestamp="2023-04-06T07:33:40 IST">
  <testcase classname="Test_Class.POST_TC1" name="orchestrator" time="7.171"/>
  <testcase classname="Test_Class.PUT_TC1" name="orchestrator" time="1.401"/>
  <testcase classname="Test_Class.PATCH_TC1" name="orchestrator" time="1.344"/>
  <testcase classname="Test_Class.GET_TC1" name="orchestrator" time="1.077"/>
</testsuite> <!-- Test -->
