<?xml version="1.0" encoding="UTF-8"?>
<testng-results ignored="0" total="4" passed="4" failed="0" skipped="0">
  <reporter-output>
  </reporter-output>
  <suite started-at="2023-04-06T07:33:29 IST" name="Suite" finished-at="2023-04-06T07:33:40 IST" duration-ms="11244">
    <groups>
    </groups>
    <test started-at="2023-04-06T07:33:29 IST" name="Test" finished-at="2023-04-06T07:33:40 IST" duration-ms="11244">
      <class name="Test_Class.GET_TC1">
        <test-method signature="orchestrator()[pri:0, instance:Test_Class.GET_TC1@5454d35e]" started-at="2023-04-06T07:33:39 IST" name="orchestrator" finished-at="2023-04-06T07:33:40 IST" duration-ms="1077" status="PASS">
          <reporter-output>
          </reporter-output>
        </test-method> <!-- orchestrator -->
      </class> <!-- Test_Class.GET_TC1 -->
      <class name="Test_Class.PUT_TC1">
        <test-method signature="orchestrator()[pri:0, instance:Test_Class.PUT_TC1@71329995]" started-at="2023-04-06T07:33:36 IST" name="orchestrator" finished-at="2023-04-06T07:33:38 IST" duration-ms="1401" status="PASS">
          <reporter-output>
          </reporter-output>
        </test-method> <!-- orchestrator -->
      </class> <!-- Test_Class.PUT_TC1 -->
      <class name="Test_Class.POST_TC1">
        <test-method signature="orchestrator()[pri:0, instance:Test_Class.POST_TC1@2d6c53fc]" started-at="2023-04-06T07:33:29 IST" name="orchestrator" finished-at="2023-04-06T07:33:36 IST" duration-ms="7171" status="PASS">
          <reporter-output>
          </reporter-output>
        </test-method> <!-- orchestrator -->
      </class> <!-- Test_Class.POST_TC1 -->
      <class name="Test_Class.PATCH_TC1">
        <test-method signature="orchestrator()[pri:0, instance:Test_Class.PATCH_TC1@768fc0f2]" started-at="2023-04-06T07:33:38 IST" name="orchestrator" finished-at="2023-04-06T07:33:39 IST" duration-ms="1344" status="PASS">
          <reporter-output>
          </reporter-output>
        </test-method> <!-- orchestrator -->
      </class> <!-- Test_Class.PATCH_TC1 -->
    </test> <!-- Test -->
  </suite> <!-- Suite -->
</testng-results>
